<?xml version='1.0'?>
<ns2:test-suite xmlns:ns2='urn:model.allure.qatools.yandex.ru' start='1665080856761' stop='1665080856926'>
    <name>Vending Machine Suite</name>
    <title>Vending Machine Suite</title>
    <test-cases>
        <test-case start='1665080856762' status='passed' stop='1665080856771'>
            <name>"before all" hook</name>
            <title>"before all" hook</title>
            <labels>
                <label name='language' value='javascript'/>
                <label name='framework' value='wdio'/>
                <label name='thread' value='0-0'/>
            </labels>
            <parameters>
                <parameter kind='argument' name='browser' value='chrome'/>
            </parameters>
            <steps/>
            <attachments/>
        </test-case>
        <test-case start='1665080856771' status='undefined'>
            <name>Assert</name>
            <title>Assert</title>
            <labels>
                <label name='language' value='javascript'/>
                <label name='framework' value='wdio'/>
                <label name='thread' value='0-0'/>
            </labels>
            <parameters>
                <parameter kind='argument' name='browser' value='chrome'/>
            </parameters>
            <steps/>
            <attachments/>
        </test-case>
        <test-case start='1665080856805' status='failed' stop='1665080856824'>
            <name>Assert</name>
            <title>Assert</title>
            <labels>
                <label name='language' value='javascript'/>
                <label name='framework' value='wdio'/>
                <label name='thread' value='0-0'/>
            </labels>
            <parameters>
                <parameter kind='argument' name='browser' value='chrome'/>
                <parameter kind='argument' name='browserVersion' value='105.0.5195.127'/>
            </parameters>
            <steps>
                <step start='1665080856808' status='failed' stop='1665080856824'>
                    <name>POST /session/:sessionId/url</name>
                    <title>POST /session/:sessionId/url</title>
                    <attachments>
                        <attachment title='Request' source='d4b39f2d-f644-4959-8659-6c0bdda4f027-attachment.json' type='application/json' size='64'/>
                    </attachments>
                    <steps>
                        <step start='1665080856820' status='failed' stop='1665080856824'>
                            <name>GET /session/:sessionId/screenshot</name>
                            <title>GET /session/:sessionId/screenshot</title>
                            <attachments/>
                            <steps>
                                <step start='1665080856821' status='failed' stop='1665080856824'>
                                    <name>POST /session/:sessionId/element</name>
                                    <title>POST /session/:sessionId/element</title>
                                    <attachments>
                                        <attachment title='Request' source='42f3fdc6-ab44-419d-87bf-106390b68274-attachment.json' type='application/json' size='53'/>
                                    </attachments>
                                    <steps/>
                                </step>
                            </steps>
                        </step>
                    </steps>
                </step>
                <step start='1665080856826' status='undefined'>
                    <name>GET /session/:sessionId/screenshot</name>
                    <title>GET /session/:sessionId/screenshot</title>
                    <attachments/>
                    <steps/>
                </step>
            </steps>
            <attachments>
                <attachment title='Execution video' source='0bdf3296-d96e-4aa0-af10-65fe19529287-attachment.mp4' type='video/mp4' size='132'/>
            </attachments>
            <failure>
                <message>This is actually the ERROR message: expected Promise{…} to equal 'Vending Machine!'</message>
                <stack-trace>AssertionError: This is actually the ERROR message: expected Promise{…} to equal 'Vending Machine!'
                    at Context.&lt;anonymous> (D:\_Tech\_Code\WDIO-VendingMachine\WDIO-VendingMachine\tests\vendingMachine.spec.js:35:10)
                    at Context.executeAsync (D:\_Tech\_Code\WDIO-VendingMachine\WDIO-VendingMachine\node_modules\@wdio\utils\build\shim.js:123:21)
                    at Context.testFrameworkFnWrapper (D:\_Tech\_Code\WDIO-VendingMachine\WDIO-VendingMachine\node_modules\@wdio\utils\build\test-framework\testFnWrapper.js:55:28)</stack-trace>
            </failure>
        </test-case>
        <test-case start='1665080856838' status='passed' stop='1665080856840'>
            <name>"after each" hook</name>
            <title>"after each" hook</title>
            <labels>
                <label name='language' value='javascript'/>
                <label name='framework' value='wdio'/>
                <label name='thread' value='0-0'/>
            </labels>
            <parameters>
                <parameter kind='argument' name='browser' value='chrome'/>
            </parameters>
            <steps/>
            <attachments/>
        </test-case>
        <test-case start='1665080856843' status='undefined'>
            <name>Sonuc</name>
            <title>Sonuc</title>
            <labels>
                <label name='language' value='javascript'/>
                <label name='framework' value='wdio'/>
                <label name='thread' value='0-0'/>
            </labels>
            <parameters>
                <parameter kind='argument' name='browser' value='chrome'/>
            </parameters>
            <steps/>
            <attachments/>
        </test-case>
        <test-case start='1665080856857' status='broken' stop='1665080856877'>
            <name>Sonuc</name>
            <title>Sonuc</title>
            <labels>
                <label name='language' value='javascript'/>
                <label name='framework' value='wdio'/>
                <label name='thread' value='0-0'/>
            </labels>
            <parameters>
                <parameter kind='argument' name='browser' value='chrome'/>
                <parameter kind='argument' name='browserVersion' value='105.0.5195.127'/>
            </parameters>
            <steps>
                <step start='1665080856858' status='broken' stop='1665080856877'>
                    <name>POST /session/:sessionId/url</name>
                    <title>POST /session/:sessionId/url</title>
                    <attachments>
                        <attachment title='Request' source='2901cdae-4bc6-4356-bd5b-022f8d699f3e-attachment.json' type='application/json' size='64'/>
                    </attachments>
                    <steps>
                        <step start='1665080856870' status='broken' stop='1665080856877'>
                            <name>GET /session/:sessionId/screenshot</name>
                            <title>GET /session/:sessionId/screenshot</title>
                            <attachments/>
                            <steps>
                                <step start='1665080856871' status='broken' stop='1665080856877'>
                                    <name>POST /session/:sessionId/element</name>
                                    <title>POST /session/:sessionId/element</title>
                                    <attachments>
                                        <attachment title='Request' source='84ad1426-f04e-472e-8fbd-e9e1a1516c8b-attachment.json' type='application/json' size='53'/>
                                    </attachments>
                                    <steps/>
                                </step>
                            </steps>
                        </step>
                    </steps>
                </step>
                <step start='1665080856882' status='undefined'>
                    <name>GET /session/:sessionId/screenshot</name>
                    <title>GET /session/:sessionId/screenshot</title>
                    <attachments/>
                    <steps/>
                </step>
            </steps>
            <attachments>
                <attachment title='Execution video' source='6680714e-cdef-4755-bb31-fb9496c61f73-attachment.mp4' type='video/mp4' size='131'/>
            </attachments>
            <failure>
                <message>selector needs to be typeof `string` or `function`</message>
                <stack-trace>Error: selector needs to be typeof `string` or `function`
                    at Browser.findElement (D:\_Tech\_Code\WDIO-VendingMachine\WDIO-VendingMachine\node_modules\@wdio\runner\node_modules\webdriverio\build\utils.js:205:9)
                    at Browser.$ (D:\_Tech\_Code\WDIO-VendingMachine\WDIO-VendingMachine\node_modules\@wdio\runner\node_modules\webdriverio\build\commands\browser\$.js:19:40)
                    at Browser.wrapCommandFn (D:\_Tech\_Code\WDIO-VendingMachine\WDIO-VendingMachine\node_modules\@wdio\utils\build\shim.js:74:32)
                    at global.$ (D:\_Tech\_Code\WDIO-VendingMachine\WDIO-VendingMachine\node_modules\@wdio\runner\build\index.js:192:36)
                    at Context.&lt;anonymous> (D:\_Tech\_Code\WDIO-VendingMachine\WDIO-VendingMachine\tests\vendingMachine.spec.js:41:23)
                    at Context.executeAsync (D:\_Tech\_Code\WDIO-VendingMachine\WDIO-VendingMachine\node_modules\@wdio\utils\build\shim.js:123:21)
                    at Context.testFrameworkFnWrapper (D:\_Tech\_Code\WDIO-VendingMachine\WDIO-VendingMachine\node_modules\@wdio\utils\build\test-framework\testFnWrapper.js:55:28)</stack-trace>
            </failure>
        </test-case>
        <test-case start='1665080856892' status='passed' stop='1665080856893'>
            <name>"after each" hook</name>
            <title>"after each" hook</title>
            <labels>
                <label name='language' value='javascript'/>
                <label name='framework' value='wdio'/>
                <label name='thread' value='0-0'/>
            </labels>
            <parameters>
                <parameter kind='argument' name='browser' value='chrome'/>
            </parameters>
            <steps/>
            <attachments/>
        </test-case>
        <test-case start='1665080856925' status='passed' stop='1665080856926'>
            <name>"after all" hook</name>
            <title>"after all" hook</title>
            <labels>
                <label name='language' value='javascript'/>
                <label name='framework' value='wdio'/>
                <label name='thread' value='0-0'/>
            </labels>
            <parameters>
                <parameter kind='argument' name='browser' value='chrome'/>
            </parameters>
            <steps/>
            <attachments/>
        </test-case>
    </test-cases>
</ns2:test-suite>